[1575970393833] POST /home/imgList
[1575970429300] POST /home/imgList
[1575970441286] POST /home/imgList
[1575970477305] POST /home/imgList
[1575970581761] POST /home/imgList
[1575970588145] POST /home/imgList
[1575970629420] POST /home/imgList
[1575970646021] POST /home/imgList
[1575970704003] POST /home/imgList
[1575970725584] POST /home/imgList
[1575970743688] POST /home/imgList
[1575970848812] POST /home/imgList
[1575970903862] POST /home/imgList
[1575970937788] POST /home/imgList
[1575970959054] POST /home/imgList
[1575971010828] POST /home/imgList
[1575983923088] POST /home/imgList
[1575984006435] POST /home/imgList
[1575984049178] POST /home/imgList
[1575984058782] POST /home/imgList
[1576027939913] POST /home/imgList
[1576027953059] POST /home/imgList
[1576027954527] POST /home/imgList
[1576028089567] POST /home/imgList
[1576028185057] POST /home/imgList
[1576028227387] POST /home/imgList
[1576028246066] POST /home/imgList
[1576028280599] POST /home/imgList
[1576028311491] POST /home/imgList
[1576028358243] POST /user/login
[1576028358627] POST /home/imgList
[1576028381648] POST /user/login
[1576028381794] POST /home/imgList
[1576028391283] POST /home/imgList
[1576028396813] POST /home/imgList
[1576028429829] POST /home/imgList
[1576028534075] POST /user/login
[1576028534214] POST /home/imgList
[1576028668698] POST /home/imgList
[1576028739439] POST /home/imgList
[1576028742084] POST /home/imgList
[1576028768102] POST /user/login
[1576028768259] POST /home/imgList
[1576028777509] POST /home/imgList
[1576028829330] POST /home/imgList
[1576028901829] POST /home/imgList
[1576028913865] POST /user/login
[1576028913977] POST /home/imgList
[1576028919035] POST /home/imgList
[1576028939444] POST /home/imgList
[1576028943912] POST /user/login
[1576028944032] POST /home/imgList
[1576028948439] POST /home/imgList
[1576030403422] POST /home/imgList
[1576030411610] POST /user/login
[1576030411762] POST /home/imgList
[1576030418341] POST /home/imgList
[1576030432723] POST /home/imgList
[1576030440773] POST /user/login
[1576030440896] POST /home/imgList
[1576030445047] POST /home/imgList
[1576030457510] POST /home/imgList
[1576030491165] POST /home/imgList
[1576030494323] POST /user/login
[1576030494453] POST /home/imgList
[1576030498064] POST /home/imgList
[1576030508505] POST /user/login
[1576030508622] POST /home/imgList
[1576030511049] POST /home/imgList
[1576030525609] POST /home/imgList
[1576030693217] POST /home/imgList
[1576030725813] POST /home/imgList
[1576030727259] POST /home/imgList
[1576030741399] POST /user/login
[1576030741517] POST /home/imgList
[1576030744341] POST /home/imgList
[1576030828386] POST /home/imgList
[1576030839297] POST /home/imgList
[1576030841663] POST /home/imgList
[1576030864455] POST /user/login
[1576030864562] POST /home/imgList
[1576030868253] POST /home/imgList
[1576030874153] POST /home/imgList
[1576030890031] POST /home/imgList
[1576030890822] POST /home/imgList
[1576031126989] POST /home/imgList
[1576031163023] POST /home/imgList
[1576031164560] POST /home/imgList
[1576031300271] POST /home/imgList
[1576031301505] POST /home/imgList
[1576031703353] POST /user/login
[1576031703464] POST /home/imgList
[1576031879417] POST /home/imgList
[1576032123308] POST /home/imgList
[1576032123351] POST /home/imgList
[1576032155562] POST /home/imgList
[1576032189999] POST /home/imgList
[1576032191237] POST /home/imgList
[1576032217580] POST /home/imgList
[1576032218813] POST /home/imgList
[1576032259395] POST /home/imgList
[1576032260908] POST /home/imgList
[1576032775617] POST /home/imgList
[1576032775632] POST /home/imgList
[1576032789079] POST /home/imgList
[1576032789140] POST /home/imgList
[1576032808851] POST /home/imgList
[1576032810117] POST /home/imgList
[1576032814421] POST /home/imgList
[1576032828403] POST /home/imgList
[1576032853804] POST /home/imgList
[1576032869239] POST /home/imgList
[1576033082910] POST /user/login
[1576033083003] POST /home/imgList
[1576033111083] POST /home/imgList
[1576033116477] POST /user/login
[1576033116545] POST /home/imgList
[1576033120818] POST /home/imgList
[1576045917854] POST /home/imgList
[1576046015259] POST /user/login
[1576046015483] POST /home/imgList
[1576046818797] POST /home/imgList
[1576046827546] POST /user/login
[1576046827756] POST /home/imgList
[1576046831155] POST /home/imgList
[1576046855019] POST /home/imgList
[1576046863144] POST /user/login
[1576046863278] POST /home/imgList
[1576046866164] POST /home/imgList
[1576046880139] POST /home/imgList
[1576046883420] POST /home/imgList
[1576046905702] POST /home/imgList
[1576046914414] POST /user/login
[1576046914539] POST /home/imgList
[1576046917397] POST /home/imgList
[1576048626130] POST /home/imgList
[1576048648662] POST /home/imgList
[1576048651756] POST /home/imgList
[1576048660087] POST /user/login
[1576048660243] POST /home/imgList
[1576048662037] POST /home/imgList
[1576048665352] POST /home/imgList
[1576048677136] POST /home/imgList
[1576048989732] POST /home/imgList
[1576049887241] POST /user/login
[1576049887411] POST /home/imgList
[1576050381239] POST /home/imgList
[1576050418872] POST /home/imgList
[1576050504964] POST /home/imgList
[1576050617732] POST /home/imgList
[1576050676149] POST /home/imgList
[1576050750243] POST /home/imgList
[1576050757270] POST /home/imgList
[1576050947684] POST /home/imgList
[1576051969231] POST /home/imgList
[1576052089885] POST /home/imgList
[1576052152455] POST /home/imgList
[1576052211971] POST /home/imgList
[1576052311539] POST /home/imgList
[1576052369541] POST /home/imgList
[1576052478335] POST /home/imgList
[1576052495178] POST /home/imgList
[1576052522518] POST /home/imgList
[1576052558566] POST /home/imgList
[1576052570797] POST /home/imgList
[1576053015194] POST /home/imgList
[1576053045127] POST /home/imgList
[1576053160598] POST /home/imgList
[1576053358884] POST /home/imgList
[1576053382369] POST /home/imgList
[1576053390879] POST /home/imgList
[1576053637261] POST /home/imgList
[1576053678052] POST /home/imgList
[1576053692374] POST /user/login
[1576053692659] POST /home/imgList
[1576053697131] POST /home/imgList
[1576064041723] POST /home/imgList
[1576064058838] POST /user/login
[1576064059390] POST /home/imgList
[1576064099483] POST /home/imgList
[1576064311698] POST /home/imgList
[1576064406498] POST /home/imgList
[1576064436978] POST /home/imgList
[1576065084042] POST /home/imgList
[1576065110467] POST /home/imgList
[1576065448033] POST /home/imgList
[1576065607824] POST /home/imgList
[1576065619359] POST /home/imgList
[1576065628246] POST /home/imgList
[1576065647902] POST /home/imgList
[1576065679267] POST /home/imgList
[1576065757860] POST /home/imgList
[1576065806535] POST /home/imgList
[1576066171196] POST /home/imgList
[1576066194809] POST /home/imgList
[1576066291096] POST /home/imgList
[1576066673247] POST /home/imgList
[1576066709984] POST /home/imgList
[1576066734306] POST /home/imgList
[1576066834195] POST /home/imgList
[1576066914255] POST /home/imgList
[1576067117748] POST /home/imgList
[1576067326569] POST /home/imgList
[1576067341521] POST /home/imgList
[1576067487317] POST /home/imgList
[1576067523146] POST /home/imgList
[1576112664210] POST /user/login
[1576112664620] POST /home/imgList
[1576112974713] POST /home/imgList
[1576114569745] POST /home/imgList
[1576114665386] POST /home/imgList
[1576114847186] POST /home/imgList
[1576114862929] POST /home/imgList
[1576115207678] POST /home/imgList
[1576115251267] POST /home/imgList
[1576115311657] POST /home/imgList
[1576115361244] POST /home/imgList
[1576115395636] POST /home/imgList
[1576115415048] POST /home/imgList
[1576116251202] POST /home/imgList
[1576116334715] POST /home/imgList
[1576116964604] POST /home/imgList
[1576116977258] POST /user/login
[1576116977464] POST /home/imgList
[1576119628879] POST /home/imgList
[1576119650187] POST /home/imgList
[1576121145035] POST /home/imgList
[1576121156831] POST /user/login
[1576121157068] POST /home/imgList
[1576121193708] POST /home/imgList
[1576121195030] POST /home/imgList
[1576121209152] POST /home/imgList
[1576121275517] POST /home/imgList
[1576121287989] POST /home/imgList
[1576121300741] POST /home/imgList
[1577069193490] POST /user/login
[1577069193988] POST /home/imgList
[1577070744351] POST /home/imgList
[1577079278212] POST /user/login
[1577079278932] POST /user/login
[1577079279609] POST /user/login
[1577079281501] POST /user/login
[1577079289212] POST /user/login
[1577079290299] POST /user/login
[1577079322748] POST /user/login
[1577079323119] POST /home/imgList
[1577432454297] POST /user/login
[1577432454943] POST /home/imgList
[1577432842447] POST /home/imgList
[1577432846406] POST /home/imgList
[1577433089063] POST /home/imgList
[1577433157770] POST /home/imgList
[1577433703667] POST /user/login
[1577435560055] POST /user/login
[1577438340236] POST /user/login
[1577439049548] POST /user/login
[1577439051408] POST /home/imgList
[1577439679277] POST /user/login
[1577440941041] POST /user/login
[1577451801513] POST /user/login
[1577453598786] POST /home/imgList
[1577518368300] POST /user/login
[1577518377624] POST /user/login
[1577518384327] POST /user/login
[1577518386535] POST /home/imgList
[1577674296174] POST /user/login
[1577674848810] POST /user/login
[1577675331386] POST /user/login
[1577777816277] POST /user/login
[1577881010916] POST /user/login
[1577881432202] POST /home/imgList
[1577932567539] POST /user/login
[1577935538256] POST /home/imgList
[1577960972141] POST /user/register
[1577960985459] POST /user/login
[1577961009355] POST /user/login
[1577961011296] POST /home/imgList
[1577961016329] POST /home/imgList
[1577961078303] POST /home/imgList
[1577961092163] POST /home/imgList
[1577972207220] POST /user/login
[1577972217712] POST /user/login
[1577972222577] POST /home/imgList
[1577972229443] POST /home/imgList
[1578013814376] POST /home/imgList
[1578014735198] POST /user/login
[1578014738686] POST /home/imgList
[1578014935333] POST /user/logout
[1578014941341] POST /home/imgList
[1578014992329] POST /user/logout
[1578015047725] POST /user/login
[1578015051132] POST /user/logout
[1578015077601] POST /user/login
[1578015081276] POST /user/logout
[1578015414562] POST /user/login
[1578015417209] POST /home/imgList
[1578016630772] POST /user/login
[1578020992078] POST /user/login
[1578022747612] POST /user/login
[1578034179826] OPTIONS /set/change-password
[1578034214067] POST /user/login
[1578034221808] OPTIONS /set/change-password
[1578034225956] OPTIONS /set/change-password
[1578034262204] POST /set/change-password
[1578034363761] POST /set/change-password
[1578034393491] POST /set/change-password
[1578034406378] POST /set/change-password
[1578034418468] POST /set/change-password
[1578034488494] POST /set/changePassword
[1578034498329] POST /set/changePassword
[1578034638448] POST /set/changePassword
[1578035193216] POST /set/changePassword
[1578035204002] POST /user/logout
[1578035210983] POST /user/login
[1578035338688] POST /set/changePassword
[1578035412767] POST /set/changePassword
[1578035471153] POST /set/changePassword
[1578035828269] POST /set/changePassword
[1578035861912] POST /set/changePassword
[1578035867088] POST /set/changePassword
[1578035871032] POST /user/logout
[1578035875770] POST /user/login
[1578035884259] POST /user/login
[1578035893000] POST /set/changePassword
[1578036102206] POST /set/changePassword
[1578036114933] POST /set/changePassword
[1578037498456] POST /set/changePassword
[1578037526631] POST /set/changePassword
[1578037539544] POST /set/changePassword
[1578037546510] POST /home/imgList
[1578040541065] POST /user/logout
[1578040706227] POST /user/login
[1578040710217] POST /user/login
[1578040713651] POST /user/login
[1578040721115] POST /user/login
[1578040726469] POST /user/login
[1578040738230] POST /user/login
[1578040745605] POST /user/login
[1578040752646] POST /user/login
[1578040822835] POST /user/login
[1578040839393] POST /user/login
[1578040854981] POST /user/login
[1578041885473] POST /user/login
[1578042323224] POST /user/logout
[1578042333514] POST /user/login
[1578042378587] POST /user/logout
[1578042384836] POST /user/login
[1578042420820] POST /user/logout
[1578042425351] POST /user/login
[1578042502932] POST /user/logout
[1578042510368] POST /user/login
[1578042523036] POST /home/imgList
[1578050020552] POST /user/logout
[1578050421725] POST /home/imgList
[1578053199357] POST /home/imgList
[1578053303722] POST /home/imgList
[1578053321732] POST /home/imgList
[1578053335917] POST /home/imgList
[1578053422212] POST /home/imgList
[1578053494191] POST /home/imgList
[1578053503423] POST /home/imgList
[1578055004462] POST /home/imgList
[1578055027939] POST /home/imgList
[1578055079126] POST /home/imgList
[1578055993573] POST /user/login
[1578055998290] POST /user/logout
[1578056017918] POST /home/imgList
[1578056453559] POST /user/login
[1578056465863] POST /user/login
[1578056471660] POST /user/login
[1578056478967] POST /home/imgList
[1578279589510] POST /user/login
[1578280455219] POST /user/login
[1578282786774] POST /user/login
[1578282991598] POST /user/login
[1578283055383] POST /user/login
[1578283311954] POST /user/login
[1578283315889] POST /home/imgList
[1578283353840] POST /user/logout
[1578283367329] POST /user/login
[1578293607930] POST /user/logout
[1578293613794] POST /user/login
[1581771498293] POST /user/login
[1581771510457] POST /home/imgList
[1585663937466] POST /user/login
[1585666037214] POST /user/login
[1585666217531] POST /user/login
[1588935592110] POST /user/login
[1588935601719] POST /user/login
[1588935605082] POST /home/imgList
[1588935613979] POST /user/logout
[1588935617463] POST /user/login
[1588935625779] POST /user/login
[1588935633740] POST /user/login
[1588935888410] POST /user/login
[1588935979994] POST /user/login
[1588936009836] POST /user/login
[1588936015663] POST /user/login
[1588937329082] POST /user/login
[1588937758242] POST /user/login
[1588937790295] POST /user/login
[1588937854576] POST /user/login
[1588937876826] POST /user/login
[1588937920797] POST /user/login
[1588938054122] POST /user/login
[1588938065973] POST /user/login
[1588938092877] POST /user/login
[1588938437949] OPTIONS /user/login
[1588938478487] OPTIONS /user/login
[1588938535866] POST /user/login
[1588938601505] POST /user/login
[1588938910614] POST /user/login
[1588938940763] POST /user/login
[1588938980026] POST /user/login
[1588939026807] POST /user/login
[1588939044391] POST /user/login
[1588939070991] POST /user/login
[1588939101591] POST /user/login
[1588939115351] POST /user/login
[1588939272958] POST /user/login
[1588939309231] POST /user/login
[1588939572654] POST /user/login
[1588939676866] POST /user/login
[1588939683625] POST /user/login
[1588939696452] POST /user/login
[1588942270580] POST /user/login
[1588942276492] POST /user/login
[1588948813540] POST /user/register
[1588948815119] POST /user/register
[1588948815661] POST /user/register
[1588948833317] POST /user/register
[1588948960430] POST /user/register
[1588949058414] POST /user/register
[1588949118566] POST /user/register
[1588949468830] POST /user/register
[1588949569238] POST /user/register
[1588949595428] POST /user/register
[1588949598808] POST /user/register
[1588949613433] POST /user/register
[1588949663982] POST /user/register
[1588949690067] POST /user/register
[1588949762753] POST /user/register
[1588949822766] POST /user/register
[1588949918314] POST /user/register
[1588949989638] POST /user/register
[1588950071206] POST /user/register
[1588950099475] POST /user/register
[1588950111057] POST /user/register
[1588950117320] POST /user/register
[1588950122034] POST /user/register
[1588950125089] POST /user/register
[1588950128015] POST /user/register
[1588950133096] POST /user/register
[1588950163796] POST /user/register
[1588950441764] POST /user/login
[1588950602406] POST /user/login
[1588950683177] POST /user/login
[1588950776371] POST /user/login
[1588950802432] POST /user/login
[1588950916225] POST /user/login
[1588951407031] POST /user/register
[1588951415542] POST /user/login
[1588951485642] POST /user/login
[1588951486372] POST /user/login
[1588951486555] POST /user/login
[1588951500137] POST /user/login
